<?xml version="1.0" encoding="UTF-8"?>
<!-- Generated by org.testng.reporters.JUnitXMLReporter -->
<testsuite ignored="7" hostname="DESKTOP-98O5IH4" failures="0" tests="9" name="Test" time="353.346" errors="0" timestamp="2024-12-26T19:21:57 IST">
  <testcase classname="testClasses.ManageUserTestClass" name="addANewUser" time="16.39"/>
  <testcase classname="testClasses.HomePageTestClass" name="verifySuccessfulSignOut" time="15.363">
    <skipped/>
  </testcase> <!-- verifySuccessfulSignOut -->
  <testcase classname="testClasses.HomePageTestClass" name="verifySuccessfulSignOut" time="3.842"/>
  <testcase classname="testClasses.ProductListTestClass" name="verifyToCreateAnewProduct" time="13.195"/>
  <testcase classname="testClasses.ProductListTestClass" name="verifyToDeleteTheAddedProduct" time="16.755"/>
  <testcase classname="testClasses.LoginPageTestClass" name="verifyUnsuccessfullLogin" time="1.165"/>
  <testcase classname="testClasses.LoginPageTestClass" name="verifyUnsuccessfullLogin" time="1.057"/>
  <testcase classname="testClasses.LoginPageTestClass" name="verifyUnsuccessfullLogin" time="1.079"/>
  <testcase classname="testClasses.LoginPageTestClass" name="verifySuccessfulLogin" time="3.135"/>
  <testcase classname="testClasses.ManageUserTestClass" name="verifyTheManageUsersPageIsOpenWhileClickingOnUsers" time="0.0">
    <ignored/>
  </testcase> <!-- verifyTheManageUsersPageIsOpenWhileClickingOnUsers -->
  <testcase classname="testClasses.LoginPageTestClass" name="verifyTheExactURL_OpensWhileHittingTheBaseURL" time="0.0">
    <ignored/>
  </testcase> <!-- verifyTheExactURL_OpensWhileHittingTheBaseURL -->
  <testcase classname="testClasses.ProductListTestClass" name="verifyTheListOfProductPageIsOpenedWhilwClickingOnListProducts" time="0.0">
    <ignored/>
  </testcase> <!-- verifyTheListOfProductPageIsOpenedWhilwClickingOnListProducts -->
  <testcase classname="testClasses.HomePageTestClass" name="verifyTheToolTipCalculatorIsShowingWhileHoveringTheMouseOnCalculator" time="0.0">
    <ignored/>
  </testcase> <!-- verifyTheToolTipCalculatorIsShowingWhileHoveringTheMouseOnCalculator -->
  <testcase classname="testClasses.LoginPageTestClass" name="verifyRememberMeCheckBoxIsSelectedByDefault" time="0.0">
    <ignored/>
  </testcase> <!-- verifyRememberMeCheckBoxIsSelectedByDefault -->
  <testcase classname="testClasses.HomePageTestClass" name="verifyAllTilesDisplayedOnHomePage" time="0.0">
    <ignored/>
  </testcase> <!-- verifyAllTilesDisplayedOnHomePage -->
  <testcase classname="testClasses.LoginPageTestClass" name="verifyResetPasswordPageComingWhileClickingOnForgotYourPassword" time="0.0">
    <ignored/>
  </testcase> <!-- verifyResetPasswordPageComingWhileClickingOnForgotYourPassword -->
</testsuite> <!-- Test -->
