<?xml version="1.0" encoding="UTF-8"?>
<!-- Generated by org.testng.reporters.JUnitXMLReporter -->
<testsuite ignored="2" hostname="DESKTOP-98O5IH4" failures="0" tests="2" name="Default test" time="100.119" errors="0" timestamp="2024-12-23T18:54:52 IST">
  <testcase classname="testClasses.ProductListTestClass" name="verifyToDeleteTheAddedProduct" time="17.985">
    <skipped/>
  </testcase> <!-- verifyToDeleteTheAddedProduct -->
  <testcase classname="testClasses.ProductListTestClass" name="verifyToDeleteTheAddedProduct" time="17.887"/>
  <testcase classname="testClasses.ProductListTestClass" name="verifyToCreateAnewProduct" time="0.0">
    <ignored/>
  </testcase> <!-- verifyToCreateAnewProduct -->
  <testcase classname="testClasses.ProductListTestClass" name="verifyTheListOfProductPageIsOpenedWhilwClickingOnListProducts" time="0.0">
    <ignored/>
  </testcase> <!-- verifyTheListOfProductPageIsOpenedWhilwClickingOnListProducts -->
</testsuite> <!-- Default test -->
